<?xml version="1.0" encoding="UTF-8"?>
<!-- Generated by org.testng.reporters.JUnitReportReporter -->
<testsuite skipped="0" hostname="Aeriess-MacBook-111.local" name="com.cashe.mobile.tests.test" tests="1" failures="0" timestamp="28 Jun 2018 16:24:13 GMT" time="0.011" errors="0">
  <testcase name="ttt" time="0.011" classname="com.cashe.mobile.tests.test"/>
</testsuite> <!-- com.cashe.mobile.tests.test -->
