<?xml version="1.0" encoding="UTF-8"?>
<!-- Generated by org.testng.reporters.JUnitReportReporter -->
<testsuite skipped="0" hostname="Aeries-HF61NJ2" name="com.cashe.mobile.tests.VerifyUserAccount" tests="1" failures="0" timestamp="06 Dec 2017 15:31:18 GMT" time="89.883" errors="0">
  <testcase name="tt" time="89.883" classname="com.cashe.mobile.tests.VerifyUserAccount"/>
</testsuite> <!-- com.cashe.mobile.tests.VerifyUserAccount -->
