<?xml version="1.0" encoding="UTF-8"?>
<!-- Generated by org.testng.reporters.JUnitReportReporter -->
<testsuite skipped="0" hostname="Aeries-HF61NJ2" name="com.cashe.mobile.pages.tt" tests="1" failures="0" timestamp="06 Dec 2017 15:14:25 GMT" time="0.012" errors="0">
  <testcase name="main" time="0.012" classname="com.cashe.mobile.pages.tt"/>
</testsuite> <!-- com.cashe.mobile.pages.tt -->
